<?xml version="1.0" encoding="UTF-8"?>
<!-- Generated by org.testng.reporters.JUnitXMLReporter -->
<testsuite ignored="0" hostname="FPNTOMEMKL" failures="0" tests="1" name="TestonFirefox" time="0.163" errors="0" timestamp="2021-08-11T00:56:59 SAST">
  <testcase classname="test.CitriiLoginTest" name="@BeforeTest SetUpTest" time="0.105">
    <failure type="java.lang.IllegalStateException" message="The driver executable does not exist: C:\AutomationProjects\CitriiProjectt\drivers\gickodriver\geckodriver.exe">
      <![CDATA[java.lang.IllegalStateException: The driver executable does not exist: C:\AutomationProjects\CitriiProjectt\drivers\gickodriver\geckodriver.exe
at com.google.common.base.Preconditions.checkState(Preconditions.java:585)
at org.openqa.selenium.remote.service.DriverService.checkExecutable(DriverService.java:146)
at org.openqa.selenium.remote.service.DriverService.findExecutable(DriverService.java:141)
at org.openqa.selenium.firefox.GeckoDriverService.access$100(GeckoDriverService.java:44)
at org.openqa.selenium.firefox.GeckoDriverService$Builder.findDefaultExecutable(GeckoDriverService.java:167)
at org.openqa.selenium.remote.service.DriverService$Builder.build(DriverService.java:355)
at org.openqa.selenium.firefox.FirefoxDriver.toExecutor(FirefoxDriver.java:190)
at org.openqa.selenium.firefox.FirefoxDriver.<init>(FirefoxDriver.java:147)
at org.openqa.selenium.firefox.FirefoxDriver.<init>(FirefoxDriver.java:125)
at test.CitriiLoginTest.SetUpTest(CitriiLoginTest.java:52)
at java.base/java.util.concurrent.FutureTask.run(FutureTask.java:264)
at java.base/java.util.concurrent.ThreadPoolExecutor.runWorker(ThreadPoolExecutor.java:1130)
at java.base/java.util.concurrent.ThreadPoolExecutor$Worker.run(ThreadPoolExecutor.java:630)
at java.base/java.lang.Thread.run(Thread.java:831)
... Removed 15 stack frames]]>
    </failure>
  </testcase> <!-- @BeforeTest SetUpTest -->
  <testcase classname="test.CitriiLoginTest" name="@BeforeTest setUp" time="-1.628636218929E9">
    <skipped/>
  </testcase> <!-- @BeforeTest setUp -->
  <testcase classname="test.CitriiLoginTest" name="@AfterTest tearDownTest" time="-1.62863621897E9">
    <skipped/>
  </testcase> <!-- @AfterTest tearDownTest -->
  <testcase classname="test.CitriiLoginTest" name="test1" time="0.0">
    <skipped/>
  </testcase> <!-- test1 -->
</testsuite> <!-- TestonFirefox -->
